2020-3-11 20:56:28 HTTP: GET /recruit/applyf
2020-3-11 20:56:28 HTTP: GET /applications/main
2020-3-11 20:56:28 HTTP: GET /applications/main
2020-3-11 20:56:28 HTTP: GET /applications/main
2020-3-11 20:56:28 HTTP: GET /applications/main
2020-3-11 20:56:28 HTTP: GET /applications/main
2020-3-11 20:56:28 HTTP: GET /applications/main
2020-3-11 20:56:28 HTTP: GET /applications/main
2020-3-11 20:56:28 HTTP: GET /applications/main
2020-3-11 20:56:28 HTTP: GET /applications/main
2020-3-11 20:56:28 HTTP: GET /applications/main
2020-3-11 20:56:28 HTTP: GET /applications/main
2020-3-11 20:56:28 HTTP: GET /applications/main
2020-3-11 20:56:28 HTTP: GET /applications/main
2020-3-11 20:56:28 HTTP: GET /applications/main
2020-3-11 20:56:28 HTTP: GET /applications/main
2020-3-11 20:56:28 HTTP: GET /applications/main
2020-3-11 20:56:28 HTTP: GET /applications/main
2020-3-11 20:56:28 HTTP: GET /applications/main
2020-3-11 20:56:28 HTTP: GET /applications/main
2020-3-11 20:56:28 HTTP: GET /applications/main
2020-3-11 20:56:28 HTTP: GET /applications/main
2020-3-11 20:56:28 HTTP: GET /applications/main
2020-3-11 20:56:28 HTTP: GET /applications/main
2020-3-11 20:56:28 HTTP: GET /applications/main
2020-3-11 20:56:28 HTTP: GET /applications/main
2020-3-11 20:56:28 HTTP: GET /applications/main
2020-3-11 20:56:28 HTTP: GET /applications/main
2020-3-11 20:56:28 HTTP: GET /applications/main
2020-3-11 20:56:28 HTTP: GET /applications/main
2020-3-11 20:56:28 HTTP: GET /applications/main
2020-3-11 20:56:28 HTTP: GET /applications/main
2020-3-11 20:56:28 HTTP: GET /applications/main
2020-3-11 20:56:28 HTTP: GET /applications/main
2020-3-11 20:56:28 HTTP: GET /applications/main
2020-3-11 20:56:28 HTTP: GET /applications/main
2020-3-11 20:56:28 HTTP: GET /applications/main
2020-3-11 20:56:28 HTTP: GET /applications/main
2020-3-11 20:56:28 HTTP: GET /applications/main
2020-3-11 20:56:28 HTTP: GET /applications/main
2020-3-11 20:56:59 HTTP: GET /applications/main
2020-3-11 20:57:00 HTTP: GET /applications/main
2020-3-11 20:57:27 HTTP: GET /recruit/apply
2020-3-11 20:57:27 HTTP: GET /public/css/apply.css
2020-3-11 20:57:27 HTTP: GET /public/js/apply.js
2020-3-11 20:57:30 HTTP: GET /rf
2020-3-11 20:57:30 HTTP: GET /recruit/main
2020-3-11 20:57:30 HTTP: GET /public/img/logo.png
2020-3-11 20:57:33 HTTP: GET /recruit/apply
2020-3-11 20:57:33 HTTP: GET /public/css/apply.css
2020-3-11 20:57:33 HTTP: GET /public/js/apply.js
