2020-3-11 21:18:18 HTTP: GET /api/applications/secret
2020-3-11 21:18:34 HTTP: GET /api/applications/secret
2020-3-11 21:27:37 HTTP: GET /recruit/apply
2020-3-11 21:27:37 HTTP: GET /public/css/apply.css
2020-3-11 21:27:37 HTTP: GET /public/js/apply.js
2020-3-11 21:27:39 HTTP: GET /recruit
2020-3-11 21:27:39 HTTP: GET /recruit/main
2020-3-11 21:27:39 HTTP: GET /public/img/logo.png
2020-3-11 21:27:41 HTTP: GET /recruit/apply
2020-3-11 21:27:41 HTTP: GET /public/css/apply.css
2020-3-11 21:27:41 HTTP: GET /public/js/apply.js
2020-3-11 21:28:05 HTTP: POST /api/applications/
2020-3-11 21:57:25 HTTP: GET /
2020-3-11 21:57:25 HTTP: GET /recruit/main
2020-3-11 21:57:25 HTTP: GET /public/img/logo.png
2020-3-11 21:57:44 HTTP: GET /
2020-3-11 21:57:44 HTTP: GET /public/img/logo.png
2020-3-11 21:57:44 HTTP: GET /recruit/main
2020-3-11 21:57:44 HTTP: GET /public/img/logo.png
2020-3-11 21:57:46 HTTP: GET /api/applications
2020-3-11 21:58:19 HTTP: GET /
2020-3-11 21:58:19 HTTP: GET /recruit/main
2020-3-11 21:58:19 HTTP: GET /public/img/logo.png
2020-3-11 21:58:23 HTTP: GET /api/applications
2020-3-11 21:58:38 HTTP: GET /
2020-3-11 21:58:38 HTTP: GET /recruit/main
2020-3-11 21:58:38 HTTP: GET /public/img/logo.png
2020-3-11 21:58:46 HTTP: GET /api/applications
2020-3-11 21:59:14 HTTP: GET /
2020-3-11 21:59:14 HTTP: GET /recruit/main
2020-3-11 21:59:14 HTTP: GET /public/img/logo.png
2020-3-11 21:59:47 HTTP: GET /
2020-3-11 21:59:47 HTTP: GET /recruit/main
2020-3-11 21:59:47 HTTP: GET /public/img/logo.png
2020-3-11 22:00:00 HTTP: GET /
2020-3-11 22:00:00 HTTP: GET /recruit/main
2020-3-11 22:00:00 HTTP: GET /public/img/logo.png
2020-3-11 22:01:52 HTTP: GET /api/applications
2020-3-11 22:02:05 HTTP: GET /
2020-3-11 22:02:05 HTTP: GET /recruit/main
2020-3-11 22:02:05 HTTP: GET /public/img/logo.png
2020-3-11 22:02:23 HTTP: GET /
2020-3-11 22:02:23 HTTP: GET /recruit/main
2020-3-11 22:02:23 HTTP: GET /public/img/logo.png
2020-3-11 22:09:26 HTTP: GET /
2020-3-11 22:09:26 HTTP: GET /recruit/main
2020-3-11 22:09:26 HTTP: GET /public/img/logo.png
2020-3-11 22:09:39 HTTP: GET /
2020-3-11 22:09:39 HTTP: GET /recruit/main
2020-3-11 22:09:39 HTTP: GET /public/img/logo.png
2020-3-11 22:09:41 HTTP: GET /api/applications
2020-3-11 22:09:45 HTTP: GET /recruit/apply
2020-3-11 22:09:45 HTTP: GET /public/css/apply.css
2020-3-11 22:09:45 HTTP: GET /public/js/apply.js
2020-3-11 22:09:59 HTTP: POST /api/applications/
2020-3-11 22:10:03 HTTP: GET /recruit/main
2020-3-11 22:10:03 HTTP: GET /public/img/logo.png
2020-3-11 22:10:06 HTTP: GET /api/applications
2020-3-11 22:10:06 HTTP: GET /recruit/modify
2020-3-11 22:10:06 HTTP: GET /public/css/apply.css
2020-3-11 22:10:06 HTTP: GET /public/js/modify.js
2020-3-11 22:10:06 HTTP: GET /api/applications
2020-3-11 22:10:09 HTTP: OPTIONS /api/applications/
2020-3-11 22:10:13 HTTP: OPTIONS /api/applications/
2020-3-11 22:10:52 HTTP: GET /
2020-3-11 22:10:52 HTTP: GET /public/img/logo.png
2020-3-11 22:10:52 HTTP: GET /recruit/main
2020-3-11 22:10:56 HTTP: GET /api/applications
2020-3-11 22:10:56 HTTP: GET /recruit/modify
2020-3-11 22:10:56 HTTP: GET /public/css/apply.css
2020-3-11 22:10:56 HTTP: GET /public/js/modify.js
2020-3-11 22:10:56 HTTP: GET /api/applications
2020-3-11 22:11:14 HTTP: GET /recruit/apply
2020-3-11 22:11:14 HTTP: GET /public/css/apply.css
2020-3-11 22:11:14 HTTP: GET /public/js/apply.js
2020-3-11 22:11:19 HTTP: GET /
2020-3-11 22:11:19 HTTP: GET /recruit/main
2020-3-11 22:11:19 HTTP: GET /public/img/logo.png
2020-3-11 22:11:50 HTTP: GET /
2020-3-11 22:11:50 HTTP: GET /recruit/main
2020-3-11 22:11:50 HTTP: GET /public/img/logo.png
2020-3-11 22:11:54 HTTP: GET /
2020-3-11 22:11:54 HTTP: GET /recruit/main
2020-3-11 22:11:54 HTTP: GET /public/img/logo.png
2020-3-11 22:11:58 HTTP: GET /api/applications
2020-3-11 22:12:03 HTTP: GET /api/applications
2020-3-11 22:12:03 HTTP: GET /recruit/modify
2020-3-11 22:12:03 HTTP: GET /public/css/apply.css
2020-3-11 22:12:03 HTTP: GET /public/js/modify.js
2020-3-11 22:12:03 HTTP: GET /api/applications
2020-3-11 22:12:06 HTTP: OPTIONS /api/applications/
2020-3-11 22:12:06 HTTP: PUT /api/applications/
2020-3-11 22:12:07 HTTP: GET /recruit/modify
2020-3-11 22:12:07 HTTP: GET /public/css/apply.css
2020-3-11 22:12:07 HTTP: GET /public/js/modify.js
2020-3-11 22:12:07 HTTP: GET /api/applications
2020-3-11 22:12:11 HTTP: OPTIONS /api/applications/
2020-3-11 22:12:11 HTTP: PUT /api/applications/
2020-3-11 22:12:12 HTTP: GET /recruit/modify
2020-3-11 22:12:12 HTTP: GET /public/css/apply.css
2020-3-11 22:12:12 HTTP: GET /public/js/modify.js
2020-3-11 22:12:12 HTTP: GET /api/applications
2020-3-11 22:12:23 HTTP: GET /
2020-3-11 22:12:23 HTTP: GET /public/img/logo.png
2020-3-11 22:12:23 HTTP: GET /recruit/main
2020-3-11 22:12:29 HTTP: GET /api/applications
2020-3-11 22:12:29 HTTP: GET /recruit/modify
2020-3-11 22:12:29 HTTP: GET /public/js/modify.js
2020-3-11 22:12:29 HTTP: GET /public/css/apply.css
2020-3-11 22:12:29 HTTP: GET /api/applications
2020-3-11 22:12:45 HTTP: GET /
2020-3-11 22:12:45 HTTP: GET /recruit/main
2020-3-11 22:12:45 HTTP: GET /public/img/logo.png
2020-3-11 22:12:49 HTTP: GET /api/applications
2020-3-11 22:12:49 HTTP: GET /recruit/modify
2020-3-11 22:12:49 HTTP: GET /public/css/apply.css
2020-3-11 22:12:49 HTTP: GET /public/js/modify.js
2020-3-11 22:12:49 HTTP: GET /api/applications
2020-3-11 22:12:52 HTTP: OPTIONS /api/applications/
2020-3-11 22:12:52 HTTP: PUT /api/applications/
2020-3-11 22:12:54 HTTP: GET /recruit/modify
2020-3-11 22:12:54 HTTP: GET /public/css/apply.css
2020-3-11 22:12:54 HTTP: GET /public/js/modify.js
2020-3-11 22:12:54 HTTP: GET /api/applications
2020-3-11 22:12:56 HTTP: GET /
2020-3-11 22:14:56 HTTP: GET /
2020-3-11 22:14:56 HTTP: GET /recruit/main
2020-3-11 22:14:56 HTTP: GET /public/img/logo.png
2020-3-11 22:15:01 HTTP: GET /api/applications
2020-3-11 22:15:01 HTTP: GET /recruit/modify
2020-3-11 22:15:01 HTTP: GET /public/css/apply.css
2020-3-11 22:15:01 HTTP: GET /public/js/modify.js
2020-3-11 22:15:01 HTTP: GET /api/applications
2020-3-11 22:18:06 HTTP: GET /
2020-3-11 22:18:06 HTTP: GET /recruit/main
2020-3-11 22:18:06 HTTP: GET /public/img/logo.png
2020-3-11 22:18:10 HTTP: GET /api/applications
2020-3-11 22:18:10 HTTP: GET /recruit/modify
2020-3-11 22:18:10 HTTP: GET /public/css/apply.css
2020-3-11 22:18:10 HTTP: GET /public/js/modify.js
2020-3-11 22:18:10 HTTP: GET /api/applications
2020-3-11 22:18:31 HTTP: GET /
2020-3-11 22:18:31 HTTP: GET /recruit/main
2020-3-11 22:18:31 HTTP: GET /public/img/logo.png
2020-3-11 22:18:33 HTTP: GET /recruit/apply
2020-3-11 22:18:33 HTTP: GET /public/css/apply.css
2020-3-11 22:18:33 HTTP: GET /public/js/apply.js
2020-3-11 22:18:37 HTTP: GET /api/applications
2020-3-11 22:18:37 HTTP: GET /recruit/modify
2020-3-11 22:18:37 HTTP: GET /public/css/apply.css
2020-3-11 22:18:37 HTTP: GET /public/js/modify.js
2020-3-11 22:18:37 HTTP: GET /api/applications
2020-3-11 22:20:39 HTTP: GET /
2020-3-11 22:20:39 HTTP: GET /recruit/main
2020-3-11 22:20:39 HTTP: GET /public/img/logo.png
2020-3-11 22:20:40 HTTP: GET /
2020-3-11 22:20:40 HTTP: GET /recruit/main
2020-3-11 22:20:40 HTTP: GET /public/img/logo.png
2020-3-11 22:20:52 HTTP: GET /
2020-3-11 22:20:52 HTTP: GET /recruit/main
2020-3-11 22:20:52 HTTP: GET /public/img/logo.png
2020-3-11 22:21:10 HTTP: GET /
2020-3-11 22:21:10 HTTP: GET /recruit/main
2020-3-11 22:21:10 HTTP: GET /public/img/logo.png
2020-3-11 22:21:17 HTTP: GET /
2020-3-11 22:21:17 HTTP: GET /recruit/main
2020-3-11 22:21:17 HTTP: GET /public/img/logo.png
2020-3-11 22:21:43 HTTP: GET /
2020-3-11 22:21:46 HTTP: GET /
2020-3-11 22:21:48 HTTP: GET /
2020-3-11 22:25:32 HTTP: GET /
2020-3-11 22:25:57 HTTP: GET /
2020-3-11 22:25:57 HTTP: GET /recruit/main
2020-3-11 22:25:58 HTTP: GET /public/img/logo.png
2020-3-11 22:26:04 HTTP: GET /api/applications
2020-3-11 22:26:04 HTTP: GET /recruit/modify
2020-3-11 22:26:04 HTTP: GET /public/css/apply.css
2020-3-11 22:26:04 HTTP: GET /public/js/modify.js
2020-3-11 22:26:04 HTTP: GET /api/applications
2020-3-11 22:26:13 HTTP: GET /
2020-3-11 22:26:13 HTTP: GET /public/img/logo.png
2020-3-11 22:26:13 HTTP: GET /recruit/main
2020-3-11 22:26:18 HTTP: GET /recruit/apply
2020-3-11 22:26:18 HTTP: GET /public/js/apply.js
2020-3-11 22:26:18 HTTP: GET /public/css/apply.css
2020-3-11 22:27:07 HTTP: GET /
2020-3-11 22:27:07 HTTP: GET /recruit/main
2020-3-11 22:27:07 HTTP: GET /public/img/logo.png
2020-3-11 22:27:09 HTTP: GET /recruit/apply
2020-3-11 22:27:09 HTTP: GET /public/css/apply.css
2020-3-11 22:27:09 HTTP: GET /public/js/apply.js
2020-3-11 22:29:11 HTTP: GET /
2020-3-11 22:29:11 HTTP: GET /recruit/main
2020-3-11 22:29:11 HTTP: GET /public/img/logo.png
2020-3-11 22:29:12 HTTP: GET /recruit/apply
2020-3-11 22:29:12 HTTP: GET /public/css/apply.css
2020-3-11 22:29:12 HTTP: GET /public/js/apply.js
2020-3-11 22:29:31 HTTP: GET /
2020-3-11 22:29:31 HTTP: GET /recruit/main
2020-3-11 22:29:31 HTTP: GET /public/img/logo.png
2020-3-11 22:29:33 HTTP: GET /recruit/apply
2020-3-11 22:29:33 HTTP: GET /public/css/apply.css
2020-3-11 22:29:33 HTTP: GET /public/js/apply.js
2020-3-11 22:29:40 HTTP: POST /api/applications/
2020-3-11 22:29:53 HTTP: GET /recruit/main
2020-3-11 22:29:53 HTTP: GET /public/img/logo.png
2020-3-11 22:29:56 HTTP: GET /api/applications
2020-3-11 22:29:56 HTTP: GET /recruit/modify
2020-3-11 22:29:56 HTTP: GET /public/css/apply.css
2020-3-11 22:29:56 HTTP: GET /public/js/modify.js
2020-3-11 22:29:56 HTTP: GET /api/applications
2020-3-11 22:30:01 HTTP: PUT /api/applications/
2020-3-11 22:30:02 HTTP: GET /recruit/modify
2020-3-11 22:30:02 HTTP: GET /public/css/apply.css
2020-3-11 22:30:02 HTTP: GET /public/js/modify.js
2020-3-11 22:30:02 HTTP: GET /api/applications
2020-3-11 22:31:09 HTTP: GET /
2020-3-11 22:31:09 HTTP: GET /recruit/main
2020-3-11 22:31:09 HTTP: GET /public/img/logo.png
2020-3-11 22:31:11 HTTP: GET /api/applications
2020-3-11 22:31:11 HTTP: GET /recruit/modify
2020-3-11 22:31:11 HTTP: GET /public/js/modify.js
2020-3-11 22:31:11 HTTP: GET /public/css/apply.css
2020-3-11 22:31:11 HTTP: GET /api/applications
2020-3-11 22:34:21 HTTP: GET /
2020-3-11 22:34:21 HTTP: GET /public/img/logo.png
2020-3-11 22:34:21 HTTP: GET /recruit/main
2020-3-11 22:34:30 HTTP: GET /
2020-3-11 22:34:30 HTTP: GET /recruit/main
2020-3-11 22:34:30 HTTP: GET /public/img/logo.png
2020-3-11 22:34:33 HTTP: GET /recruit/apply
2020-3-11 22:34:33 HTTP: GET /recruit/apply
2020-3-11 22:34:33 HTTP: GET /public/css/apply.css
2020-3-11 22:34:33 HTTP: GET /public/js/apply.js
2020-3-11 22:34:40 HTTP: POST /api/applications/
2020-3-11 22:36:09 HTTP: GET /
2020-3-11 22:36:09 HTTP: GET /recruit/main
2020-3-11 22:36:09 HTTP: GET /public/img/logo.png
2020-3-11 22:36:12 HTTP: GET /recruit/apply
2020-3-11 22:36:12 HTTP: GET /public/css/apply.css
2020-3-11 22:36:12 HTTP: GET /public/js/apply.js
2020-3-11 22:36:21 HTTP: POST /api/applications/
2020-3-11 22:36:25 HTTP: POST /api/applications/
2020-3-11 22:36:25 HTTP: POST /api/applications/
2020-3-11 22:36:46 HTTP: GET /
2020-3-11 22:36:46 HTTP: GET /recruit/main
2020-3-11 22:36:46 HTTP: GET /public/img/logo.png
2020-3-11 22:36:53 HTTP: GET /api/applications
2020-3-11 22:36:53 HTTP: GET /recruit/modify
2020-3-11 22:36:53 HTTP: GET /public/css/apply.css
2020-3-11 22:36:53 HTTP: GET /public/js/modify.js
2020-3-11 22:36:53 HTTP: GET /api/applications
2020-3-11 22:36:56 HTTP: PUT /api/applications/
2020-3-11 22:36:57 HTTP: GET /recruit/modify
2020-3-11 22:36:58 HTTP: GET /public/css/apply.css
2020-3-11 22:36:58 HTTP: GET /public/js/modify.js
2020-3-11 22:36:58 HTTP: GET /api/applications
2020-3-11 22:37:20 HTTP: GET /
2020-3-11 22:37:20 HTTP: GET /recruit/main
2020-3-11 22:37:20 HTTP: GET /public/img/logo.png
2020-3-11 22:37:23 HTTP: GET /
2020-3-11 22:37:23 HTTP: GET /recruit/main
2020-3-11 22:37:23 HTTP: GET /public/img/logo.png
2020-3-11 22:37:27 HTTP: GET /
2020-3-11 22:37:27 HTTP: GET /recruit/main
2020-3-11 22:37:27 HTTP: GET /public/img/logo.png
2020-3-11 22:37:32 HTTP: GET /
2020-3-11 22:37:32 HTTP: GET /recruit/main
2020-3-11 22:37:32 HTTP: GET /public/img/logo.png
2020-3-11 22:39:17 HTTP: GET /api/applications/secret/secret
2020-3-11 22:39:17 HTTP: GET /recruit/main
2020-3-11 22:39:54 HTTP: GET /
2020-3-11 22:39:54 HTTP: GET /recruit/main
2020-3-11 22:39:54 HTTP: GET /public/img/logo.png
2020-3-11 22:42:53 HTTP: GET /
2020-3-11 22:42:53 HTTP: GET /recruit/main
2020-3-11 22:42:53 HTTP: GET /public/img/logo.png
2020-3-11 22:42:53 HTTP: GET /favicon.ico
2020-3-11 22:42:53 HTTP: GET /recruit/main
2020-3-11 22:42:54 HTTP: GET /recruit/main
2020-3-11 22:42:54 HTTP: GET /public/img/logo.png
2020-3-11 22:42:54 HTTP: GET /favicon.ico
2020-3-11 22:42:54 HTTP: GET /recruit/main
2020-3-11 22:43:50 HTTP: GET /recruit/main
2020-3-11 22:43:50 HTTP: GET /public/img/logo.png
2020-3-11 22:43:50 HTTP: GET /favicon.ico
2020-3-11 22:43:50 HTTP: GET /recruit/main
2020-3-11 22:44:01 HTTP: GET /
2020-3-11 22:44:01 HTTP: GET /recruit/main
2020-3-11 22:44:01 HTTP: GET /public/img/logo.png
2020-3-11 22:44:01 HTTP: GET /favicon.ico
2020-3-11 22:44:01 HTTP: GET /recruit/main
2020-3-11 22:44:13 HTTP: GET /api/applications/secret
2020-3-11 22:44:34 HTTP: GET /
2020-3-11 22:44:34 HTTP: GET /recruit/main
2020-3-11 22:44:34 HTTP: GET /public/img/logo.png
2020-3-11 22:44:36 HTTP: GET /favicon.ico
2020-3-11 22:44:36 HTTP: GET /recruit/main
2020-3-11 22:44:39 HTTP: GET /recruit/main
2020-3-11 22:44:39 HTTP: GET /public/img/logo.png
2020-3-11 22:44:42 HTTP: GET /recruit/main
2020-3-11 22:44:42 HTTP: GET /public/img/logo.png
2020-3-11 22:45:39 HTTP: GET /recruit/main
2020-3-11 22:45:39 HTTP: GET /public/img/logo.png
2020-3-11 22:45:41 HTTP: GET /recruit/main
2020-3-11 22:45:41 HTTP: GET /public/img/logo.png
2020-3-11 22:45:56 HTTP: GET /
2020-3-11 22:45:56 HTTP: GET /recruit/main
2020-3-11 22:45:56 HTTP: GET /public/img/logo.png
2020-3-11 22:45:56 HTTP: GET /favicon.ico
2020-3-11 22:45:56 HTTP: GET /recruit/main
2020-3-11 22:47:32 HTTP: GET /
2020-3-11 22:47:32 HTTP: GET /recruit/main
2020-3-11 22:47:32 HTTP: GET /public/img/logo.png
2020-3-11 22:47:32 HTTP: GET /favicon.ico
2020-3-11 22:47:32 HTTP: GET /recruit/main
2020-3-11 22:47:43 HTTP: GET /recruit/main
2020-3-11 22:47:43 HTTP: GET /public/img/logo.png
2020-3-11 22:47:43 HTTP: GET /favicon.ico
2020-3-11 22:47:43 HTTP: GET /recruit/main
2020-3-11 22:47:43 HTTP: GET /recruit/main
2020-3-11 22:47:43 HTTP: GET /public/img/logo.png
2020-3-11 22:47:43 HTTP: GET /favicon.ico
2020-3-11 22:47:43 HTTP: GET /recruit/main
2020-3-11 22:47:44 HTTP: GET /recruit/main
2020-3-11 22:47:44 HTTP: GET /public/img/logo.png
2020-3-11 22:47:44 HTTP: GET /favicon.ico
2020-3-11 22:47:44 HTTP: GET /recruit/main
2020-3-11 22:47:44 HTTP: GET /recruit/main
2020-3-11 22:47:44 HTTP: GET /public/img/logo.png
2020-3-11 22:47:44 HTTP: GET /favicon.ico
2020-3-11 22:47:44 HTTP: GET /recruit/main
2020-3-11 22:47:44 HTTP: GET /recruit/main
2020-3-11 22:47:44 HTTP: GET /public/img/logo.png
2020-3-11 22:47:45 HTTP: GET /favicon.ico
2020-3-11 22:47:45 HTTP: GET /recruit/main
2020-3-11 22:47:45 HTTP: GET /recruit/main
2020-3-11 22:47:45 HTTP: GET /public/img/logo.png
2020-3-11 22:47:45 HTTP: GET /favicon.ico
2020-3-11 22:47:45 HTTP: GET /recruit/main
2020-3-11 22:47:58 HTTP: GET /recruit/main
2020-3-11 22:47:58 HTTP: GET /public/img/logo.png
2020-3-11 22:47:59 HTTP: GET /favicon.ico
2020-3-11 22:47:59 HTTP: GET /recruit/main
2020-3-11 22:48:05 HTTP: GET /
2020-3-11 22:48:05 HTTP: GET /recruit/main
2020-3-11 22:48:05 HTTP: GET /public/img/logo.png
2020-3-11 22:48:05 HTTP: GET /favicon.ico
2020-3-11 22:48:05 HTTP: GET /recruit/main
2020-3-11 22:48:31 HTTP: GET /
2020-3-11 22:48:31 HTTP: GET /recruit/main
2020-3-11 22:48:31 HTTP: GET /public/img/logo.png
2020-3-11 22:48:31 HTTP: GET /favicon.ico
2020-3-11 22:48:31 HTTP: GET /recruit/main
2020-3-12 01:22:25 HTTP: GET /recruit/apply
2020-3-12 01:22:25 HTTP: GET /public/css/apply.css
2020-3-12 01:22:25 HTTP: GET /public/js/apply.js
2020-3-12 01:22:44 HTTP: POST /api/applications/
2020-3-12 01:22:45 HTTP: GET /recruit/main
2020-3-12 01:22:45 HTTP: GET /public/img/logo.png
2020-3-12 01:22:48 HTTP: GET /api/applications
2020-3-12 01:22:48 HTTP: GET /recruit/modify
2020-3-12 01:22:48 HTTP: GET /public/css/apply.css
2020-3-12 01:22:48 HTTP: GET /public/js/modify.js
2020-3-12 01:22:48 HTTP: GET /api/applications
2020-3-12 01:22:55 HTTP: GET /public/css/apply.css
2020-3-12 01:23:56 HTTP: GET /recruit/modify
2020-3-12 01:23:56 HTTP: GET /public/css/apply.css
2020-3-12 01:23:56 HTTP: GET /public/js/modify.js
2020-3-12 01:23:56 HTTP: GET /api/applications
2020-3-12 01:24:17 HTTP: GET /recruit/modify
2020-3-12 01:24:17 HTTP: GET /public/js/modify.js
2020-3-12 01:24:17 HTTP: GET /public/css/apply.css
2020-3-12 01:24:17 HTTP: GET /api/applications
2020-3-12 01:24:18 HTTP: GET /recruit/modify
2020-3-12 01:24:18 HTTP: GET /public/css/apply.css
2020-3-12 01:24:18 HTTP: GET /public/js/modify.js
2020-3-12 01:24:18 HTTP: GET /api/applications
2020-3-12 01:24:35 HTTP: GET /recruit/modify
2020-3-12 01:24:35 HTTP: GET /public/css/apply.css
2020-3-12 01:24:35 HTTP: GET /public/js/modify.js
2020-3-12 01:24:35 HTTP: GET /api/applications
2020-3-12 01:24:46 HTTP: PUT /api/applications/
2020-3-12 01:24:47 HTTP: GET /recruit/main
2020-3-12 01:24:47 HTTP: GET /public/img/logo.png
2020-3-12 01:33:03 HTTP: GET /recruit/apply
2020-3-12 01:33:03 HTTP: GET /public/css/apply.css
2020-3-12 01:33:03 HTTP: GET /public/js/apply.js
2020-3-12 01:33:16 HTTP: GET /public/html/apply-status.html
2020-3-12 01:33:16 HTTP: GET /public/html/style.css
2020-3-12 01:33:16 HTTP: GET /recruit/main
2020-3-12 01:42:50 HTTP: GET /public/html/apply-status.html
2020-3-12 01:42:50 HTTP: GET /public/assets/css/nucleo-icons.css
2020-3-12 01:42:50 HTTP: GET /public/assets/css/black-dashboard.css
2020-3-12 01:42:50 HTTP: GET /public/assets/js/core/jquery.min.js
2020-3-12 01:42:50 HTTP: GET /public/assets/js/core/popper.min.js
2020-3-12 01:42:50 HTTP: GET /public/assets/demo/demo.css
2020-3-12 01:42:50 HTTP: GET /public/assets/img/anime3.png
2020-3-12 01:42:50 HTTP: GET /recruit/main
2020-3-12 01:42:50 HTTP: GET /recruit/main
2020-3-12 01:42:50 HTTP: GET /public/assets/js/core/bootstrap.min.js
2020-3-12 01:42:50 HTTP: GET /recruit/main
2020-3-12 01:42:50 HTTP: GET /public/assets/js/plugins/perfect-scrollbar.jquery.min.js
2020-3-12 01:42:50 HTTP: GET /recruit/main
2020-3-12 01:42:50 HTTP: GET /public/assets/js/plugins/chartjs.min.js
2020-3-12 01:42:50 HTTP: GET /recruit/main
2020-3-12 01:42:50 HTTP: GET /public/assets/js/plugins/bootstrap-notify.js
2020-3-12 01:42:50 HTTP: GET /recruit/main
2020-3-12 01:42:50 HTTP: GET /public/assets/js/black-dashboard.min.js
2020-3-12 01:42:50 HTTP: GET /recruit/main
2020-3-12 01:42:50 HTTP: GET /public/assets/demo/demo.js
2020-3-12 01:42:50 HTTP: GET /recruit/main
2020-3-12 01:42:50 HTTP: GET /recruit/main
2020-3-12 01:42:50 HTTP: GET /recruit/main
2020-3-12 01:42:50 HTTP: GET /recruit/main
2020-3-12 01:42:50 HTTP: GET /recruit/main
2020-3-12 01:42:50 HTTP: GET /public/assets/img/favicon.png
2020-3-12 01:42:50 HTTP: GET /recruit/main
2020-3-12 01:44:58 HTTP: GET /public/html/apply-status.html
2020-3-12 01:44:58 HTTP: GET /public/assets/css/nucleo-icons.css
2020-3-12 01:44:58 HTTP: GET /public/assets/css/black-dashboard.css
2020-3-12 01:44:58 HTTP: GET /public/assets/demo/demo.css
2020-3-12 01:44:58 HTTP: GET /public/assets/img/anime3.png
2020-3-12 01:44:58 HTTP: GET /public/assets/js/core/jquery.min.js
2020-3-12 01:44:58 HTTP: GET /public/assets/js/core/popper.min.js
2020-3-12 01:44:58 HTTP: GET /public/assets/js/core/bootstrap.min.js
2020-3-12 01:44:58 HTTP: GET /public/assets/js/plugins/perfect-scrollbar.jquery.min.js
2020-3-12 01:44:58 HTTP: GET /public/assets/js/plugins/chartjs.min.js
2020-3-12 01:44:58 HTTP: GET /public/assets/js/plugins/bootstrap-notify.js
2020-3-12 01:44:58 HTTP: GET /public/assets/js/black-dashboard.min.js
2020-3-12 01:44:58 HTTP: GET /public/assets/demo/demo.js
2020-3-12 01:44:58 HTTP: GET /public/assets/fonts/nucleo.woff2
2020-3-12 01:44:58 HTTP: GET /public/assets/img/favicon.png
2020-3-12 01:46:02 HTTP: GET /public/html/apply-status.html
2020-3-12 01:46:02 HTTP: GET /public/assets/css/nucleo-icons.css
2020-3-12 01:46:02 HTTP: GET /public/assets/css/black-dashboard.css
2020-3-12 01:46:02 HTTP: GET /public/assets/demo/demo.css
2020-3-12 01:46:02 HTTP: GET /public/assets/img/anime3.png
2020-3-12 01:46:02 HTTP: GET /public/assets/js/core/jquery.min.js
2020-3-12 01:46:02 HTTP: GET /public/assets/js/core/popper.min.js
2020-3-12 01:46:02 HTTP: GET /public/assets/js/core/bootstrap.min.js
2020-3-12 01:46:02 HTTP: GET /public/assets/js/plugins/perfect-scrollbar.jquery.min.js
2020-3-12 01:46:02 HTTP: GET /public/assets/js/plugins/chartjs.min.js
2020-3-12 01:46:02 HTTP: GET /public/assets/js/plugins/bootstrap-notify.js
2020-3-12 01:46:02 HTTP: GET /public/assets/js/black-dashboard.min.js
2020-3-12 01:46:02 HTTP: GET /public/assets/demo/demo.js
2020-3-12 01:46:02 HTTP: GET /public/assets/fonts/nucleo.woff2
2020-3-12 01:46:02 HTTP: GET /public/assets/img/favicon.png
2020-3-12 01:46:37 HTTP: GET /public/assets/css/nucleo-icons.css
2020-3-12 01:46:37 HTTP: GET /public/assets/css/black-dashboard.css
2020-3-12 01:46:37 HTTP: GET /public/assets/demo/demo.css
2020-3-12 01:46:37 HTTP: GET /public/assets/js/_site_dashboard_free/assets/js/dashboard-free.js.map
2020-3-12 01:46:37 HTTP: GET /public/assets/css/dashboard-free.css.map
2020-3-12 01:46:37 HTTP: GET /recruit/main
2020-3-12 01:46:37 HTTP: GET /recruit/main
2020-3-12 18:50:17 HTTP: GET /recruit/apply
2020-3-12 18:50:17 HTTP: GET /public/css/apply.css
2020-3-12 18:50:17 HTTP: GET /public/js/apply.js
2020-3-12 18:50:24 HTTP: GET /recru
2020-3-12 18:50:24 HTTP: GET /recruit/main
2020-3-12 18:50:24 HTTP: GET /public/img/logo.png
2020-3-12 18:50:32 HTTP: GET /recruit/apply
2020-3-12 18:50:32 HTTP: GET /public/css/apply.css
2020-3-12 18:50:32 HTTP: GET /public/js/apply.js
2020-3-12 18:57:37 HTTP: GET /public/html/apply-status.html
2020-3-12 20:32:45 HTTP: GET /public/html/apply-status.html
2020-3-12 20:34:22 HTTP: GET /public/html/apply-status.html
2020-3-12 20:34:24 HTTP: GET /api/applications/secret
2020-3-12 20:39:37 HTTP: GET /public/html/apply-status.html
2020-3-12 20:40:01 HTTP: GET /public/html/apply-status.html
2020-3-12 20:40:15 HTTP: GET /public/html/apply-status.html
2020-3-12 20:42:53 HTTP: GET /public/html/apply-status.html
2020-3-12 20:43:05 HTTP: GET /public/html/apply-status.html
2020-3-12 20:43:07 HTTP: GET /public/html/apply-status.html
2020-3-12 20:43:13 HTTP: GET /public/html/apply-status.html
2020-3-12 20:47:02 HTTP: GET /public/html/apply-status.html
2020-3-12 20:47:16 HTTP: GET /public/html/apply-status.html
2020-3-12 20:47:16 HTTP: GET /api/applications/secret
2020-3-12 20:48:03 HTTP: GET /public/html/apply-status.html
2020-3-12 20:48:03 HTTP: GET /api/applications/secret
2020-3-12 20:48:19 HTTP: GET /public/html/apply-status.html
2020-3-12 20:48:19 HTTP: GET /api/applications/secret
2020-3-12 20:49:30 HTTP: GET /public/html/apply-status.html
2020-3-12 20:49:30 HTTP: GET /api/applications/secret
2020-3-12 20:49:43 HTTP: GET /public/html/apply-status.html
2020-3-12 20:49:43 HTTP: GET /api/applications/secret
2020-3-12 20:52:01 HTTP: GET /public/html/apply-status.html
2020-3-12 20:52:01 HTTP: GET /api/applications/secret
2020-3-12 20:53:05 HTTP: GET /public/html/apply-status.html
2020-3-12 20:53:05 HTTP: GET /api/applications/secret
2020-3-12 20:53:07 HTTP: GET /public/html/apply-status.html
2020-3-12 20:53:07 HTTP: GET /api/applications/secret
2020-3-12 21:01:56 HTTP: GET /public/html/apply-status.html
2020-3-12 21:01:56 HTTP: GET /api/applications/secret
2020-3-12 21:07:35 HTTP: GET /public/html/apply-status.html
2020-3-12 21:07:35 HTTP: GET /api/applications/secret
2020-3-12 21:07:40 HTTP: GET /public/html/apply-status.html
2020-3-12 21:07:40 HTTP: GET /api/applications/secret
2020-3-12 21:08:55 HTTP: GET /public/html/apply-status.html
2020-3-12 21:08:55 HTTP: GET /api/applications/secret
2020-3-12 21:13:25 HTTP: GET /public/html/apply-status.html
2020-3-12 21:13:25 HTTP: GET /api/applications/secret
2020-3-12 21:14:14 HTTP: GET /public/html/apply-status.html
2020-3-12 21:14:14 HTTP: GET /api/applications/secret
2020-3-12 21:14:32 HTTP: GET /public/html/apply-status.html
2020-3-12 21:14:32 HTTP: GET /api/applications/secret
2020-3-12 21:16:10 HTTP: GET /public/html/apply-status.html
2020-3-12 21:16:10 HTTP: GET /api/applications/secret
2020-3-12 21:16:39 HTTP: GET /public/html/apply-status.html
2020-3-12 21:16:39 HTTP: GET /api/applications/secret
2020-3-12 21:18:23 HTTP: GET /public/html/apply-status.html
2020-3-12 21:18:23 HTTP: GET /api/applications/secret
2020-3-12 21:18:48 HTTP: GET /public/html/apply-status.html
2020-3-12 21:18:48 HTTP: GET /api/applications/secret
2020-3-12 21:19:00 HTTP: GET /public/html/apply-status.html
2020-3-12 21:19:00 HTTP: GET /api/applications/secret
2020-3-12 21:19:04 HTTP: GET /public/html/apply-status.html
2020-3-12 21:19:04 HTTP: GET /api/applications/secret
2020-3-12 21:20:21 HTTP: GET /public/html/apply-status.html
2020-3-12 21:20:21 HTTP: GET /api/applications/secret
2020-3-12 21:20:50 HTTP: GET /public/html/apply-status.html
2020-3-12 21:20:50 HTTP: GET /api/applications/secret
2020-3-12 21:21:18 HTTP: GET /public/html/apply-status.html
2020-3-12 21:21:18 HTTP: GET /api/applications/secret
2020-3-12 21:21:38 HTTP: GET /public/html/apply-status.html
2020-3-12 21:21:38 HTTP: GET /api/applications/secret
2020-3-12 21:21:48 HTTP: GET /public/html/apply-status.html
2020-3-12 21:21:48 HTTP: GET /api/applications/secret
2020-3-12 21:25:45 HTTP: GET /public/html/apply-status.html
2020-3-12 21:25:46 HTTP: GET /api/applications/secret
2020-3-12 21:27:05 HTTP: GET /public/html/apply-status.html
2020-3-12 21:27:05 HTTP: GET /api/applications/secret
2020-3-12 21:29:04 HTTP: GET /public/html/apply-status.html
2020-3-12 21:29:04 HTTP: GET /api/applications/secret
2020-3-12 21:29:08 HTTP: GET /public/html/apply-status.html
2020-3-12 21:29:09 HTTP: GET /api/applications/secret
2020-3-12 21:30:17 HTTP: GET /public/html/apply-status.html
2020-3-12 21:30:18 HTTP: GET /api/applications/secret
2020-3-12 21:32:01 HTTP: GET /public/html/apply-status.html
2020-3-12 21:32:01 HTTP: GET /api/applications/secret
2020-3-12 21:32:53 HTTP: GET /public/html/apply-status.html
2020-3-12 21:32:53 HTTP: GET /api/applications/secret
2020-3-12 21:36:26 HTTP: GET /public/html/apply-status.html
2020-3-12 21:36:26 HTTP: GET /api/applications/secret
2020-3-12 21:37:03 HTTP: GET /public/html/apply-status.html
2020-3-12 21:37:03 HTTP: GET /api/applications/secret
2020-3-12 21:37:06 HTTP: GET /api/applications/secret
2020-3-12 21:37:45 HTTP: GET /public/html/apply-status.html
2020-3-12 21:37:45 HTTP: GET /api/applications/secret
2020-3-12 21:37:48 HTTP: GET /public/html/apply-status.html
2020-3-12 21:37:48 HTTP: GET /api/applications/secret
2020-3-12 21:37:49 HTTP: GET /public/html/apply-status.html
2020-3-12 21:37:49 HTTP: GET /api/applications/secret
2020-3-12 21:40:37 HTTP: GET /public/html/apply-status.html
2020-3-12 21:40:37 HTTP: GET /api/applications/secret
2020-3-12 21:40:37 HTTP: GET /public/html/apply-status.html
2020-3-12 21:40:38 HTTP: GET /api/applications/secret
2020-3-12 21:40:39 HTTP: GET /public/html/apply-status.html
2020-3-12 21:40:39 HTTP: GET /api/applications/secret
2020-3-12 21:40:54 HTTP: GET /public/html/apply-status.html
2020-3-12 21:40:54 HTTP: GET /api/applications/secret
2020-3-12 21:41:57 HTTP: GET /public/html/apply-status.html
2020-3-12 21:41:57 HTTP: GET /api/applications/secret
2020-3-12 21:42:14 HTTP: GET /public/html/apply-status.html
2020-3-12 21:42:14 HTTP: GET /api/applications/secret
2020-3-12 21:42:48 HTTP: GET /public/html/apply-status.html
2020-3-12 21:42:48 HTTP: GET /api/applications/secret
2020-3-12 21:43:12 HTTP: GET /public/html/apply-status.html
2020-3-12 21:43:12 HTTP: GET /api/applications/secret
2020-3-12 21:43:13 HTTP: GET /public/html/apply-status.html
2020-3-12 21:43:13 HTTP: GET /api/applications/secret
2020-3-12 21:43:45 HTTP: GET /public/html/apply-status.html
2020-3-12 21:43:45 HTTP: GET /api/applications/secret
2020-3-12 21:44:28 HTTP: GET /public/html/apply-status.html
2020-3-12 21:44:28 HTTP: GET /api/applications/secret
2020-3-12 21:44:30 HTTP: GET /public/html/apply-status.html
2020-3-12 21:44:30 HTTP: GET /api/applications/secret
2020-3-12 21:44:49 HTTP: GET /public/html/apply-status.html
2020-3-12 21:44:50 HTTP: GET /api/applications/secret
2020-3-12 21:44:51 HTTP: GET /public/html/apply-status.html
2020-3-12 21:44:51 HTTP: GET /api/applications/secret
2020-3-12 21:45:30 HTTP: GET /public/html/apply-status.html
2020-3-12 21:45:30 HTTP: GET /api/applications/secret
2020-3-12 21:45:53 HTTP: GET /public/html/apply-status.html
2020-3-12 21:45:53 HTTP: GET /api/applications/secret
2020-3-12 21:45:54 HTTP: GET /public/html/apply-status.html
2020-3-12 21:45:54 HTTP: GET /api/applications/secret
2020-3-12 21:46:25 HTTP: GET /public/html/apply-status.html
2020-3-12 21:46:25 HTTP: GET /api/applications/secret
2020-3-12 21:46:57 HTTP: GET /public/html/apply-status.html
2020-3-12 21:46:57 HTTP: GET /api/applications/secret
2020-3-12 21:47:18 HTTP: GET /public/html/apply-status.html
2020-3-12 21:47:18 HTTP: GET /api/applications/secret
2020-3-12 21:48:00 HTTP: GET /public/html/apply-status.html
2020-3-12 21:48:00 HTTP: GET /api/applications/secret
2020-3-12 21:48:00 HTTP: GET /public/html/apply-status.html
2020-3-12 21:48:00 HTTP: GET /api/applications/secret
2020-3-12 21:48:07 HTTP: GET /public/html/apply-status.html
2020-3-12 21:48:07 HTTP: GET /api/applications/secret
2020-3-12 21:49:33 HTTP: GET /public/html/apply-status.html
2020-3-12 21:49:33 HTTP: GET /api/applications/secret
2020-3-12 21:49:44 HTTP: GET /public/html/apply-status.html
2020-3-12 21:49:44 HTTP: GET /api/applications/secret
2020-3-12 21:50:05 HTTP: GET /public/html/apply-status.html
2020-3-12 21:50:06 HTTP: GET /api/applications/secret
2020-3-12 21:51:04 HTTP: GET /public/html/apply-status.html
2020-3-12 21:51:05 HTTP: GET /api/applications/secret
2020-3-12 21:51:43 HTTP: GET /public/html/apply-status.html
2020-3-12 21:51:43 HTTP: GET /api/applications/secret
2020-3-12 21:51:47 HTTP: GET /public/html/apply-status.html
2020-3-12 21:51:47 HTTP: GET /api/applications/secret
2020-3-12 21:52:05 HTTP: GET /public/html/apply-status.html
2020-3-12 21:52:05 HTTP: GET /api/applications/secret
2020-3-12 21:52:42 HTTP: GET /public/html/apply-status.html
2020-3-12 21:52:42 HTTP: GET /api/applications/secret
2020-3-12 21:53:06 HTTP: GET /public/html/apply-status.html
2020-3-12 21:53:06 HTTP: GET /api/applications/secret
2020-3-12 21:53:36 HTTP: GET /public/html/apply-status.html
2020-3-12 21:53:36 HTTP: GET /api/applications/secret
2020-3-12 21:54:33 HTTP: GET /public/html/apply-status.html
2020-3-12 21:54:33 HTTP: GET /api/applications/secret
2020-3-12 22:03:56 HTTP: GET /public/html/apply-status.html
2020-3-12 22:03:56 HTTP: GET /api/applications/secret
2020-3-12 22:05:21 HTTP: GET /public/html/apply-status.html
2020-3-12 22:05:21 HTTP: GET /api/applications/secret
2020-3-12 22:05:50 HTTP: GET /public/html/apply-status.html
2020-3-12 22:05:50 HTTP: GET /api/applications/secret
2020-3-12 22:06:06 HTTP: GET /public/html/apply-status.html
2020-3-12 22:06:06 HTTP: GET /api/applications/secret
2020-3-12 22:07:27 HTTP: GET /public/html/apply-status.html
2020-3-12 22:07:27 HTTP: GET /api/applications/secret
2020-3-12 22:07:29 HTTP: GET /public/html/apply-status.html
2020-3-12 22:07:29 HTTP: GET /api/applications/secret
2020-3-12 22:08:14 HTTP: GET /public/html/apply-status.html
2020-3-12 22:08:14 HTTP: GET /api/applications/secret
2020-3-12 22:08:20 HTTP: GET /public/html/apply-status.html
2020-3-12 22:08:20 HTTP: GET /api/applications/secret
2020-3-12 22:08:44 HTTP: GET /public/html/apply-status.html
2020-3-12 22:08:44 HTTP: GET /api/applications/secret
2020-3-12 22:09:44 HTTP: GET /public/html/apply-status.html
2020-3-12 22:09:44 HTTP: GET /api/applications/secret
2020-3-12 22:11:11 HTTP: GET /public/html/apply-status.html
2020-3-12 22:11:11 HTTP: GET /api/applications/secret
2020-3-12 22:11:14 HTTP: GET /public/html/apply-status.html
2020-3-12 22:11:14 HTTP: GET /api/applications/secret
2020-3-12 22:13:46 HTTP: GET /public/html/apply-status.html
2020-3-12 22:13:46 HTTP: GET /api/applications/secret
2020-3-12 22:14:40 HTTP: GET /public/html/apply-status.html
2020-3-12 22:14:40 HTTP: GET /api/applications/secret
2020-3-12 22:17:51 HTTP: GET /public/html/apply-status.html
2020-3-12 22:17:51 HTTP: GET /api/applications/secret
2020-3-12 22:18:01 HTTP: GET /public/html/apply-status.html
2020-3-12 22:18:01 HTTP: GET /api/applications/secret
2020-3-12 22:19:36 HTTP: GET /public/html/apply-status.html
2020-3-12 22:19:36 HTTP: GET /api/applications/secret
2020-3-12 22:19:49 HTTP: GET /public/html/apply-status.html
2020-3-12 22:19:49 HTTP: GET /api/applications/secret
2020-3-12 22:20:06 HTTP: GET /public/html/apply-status.html
2020-3-12 22:20:06 HTTP: GET /api/applications/secret
2020-3-12 22:20:59 HTTP: GET /public/html/apply-status.html
2020-3-12 22:20:59 HTTP: GET /api/applications/secret
2020-3-12 22:21:12 HTTP: GET /public/html/apply-status.html
2020-3-12 22:21:13 HTTP: GET /api/applications/secret
2020-3-12 22:21:22 HTTP: GET /public/html/apply-status.html
2020-3-12 22:21:22 HTTP: GET /api/applications/secret
2020-3-12 22:21:24 HTTP: GET /public/html/apply-status.html
2020-3-12 22:21:24 HTTP: GET /api/applications/secret
2020-3-12 22:22:08 HTTP: GET /public/html/apply-status.html
2020-3-12 22:22:08 HTTP: GET /api/applications/secret
2020-3-12 22:22:09 HTTP: GET /public/html/apply-status.html
2020-3-12 22:22:10 HTTP: GET /api/applications/secret
2020-3-12 22:22:33 HTTP: GET /public/html/apply-status.html
2020-3-12 22:22:33 HTTP: GET /api/applications/secret
2020-3-12 22:22:40 HTTP: GET /public/html/apply-status.html
2020-3-12 22:22:40 HTTP: GET /api/applications/secret
2020-3-12 22:22:49 HTTP: GET /public/html/apply-status.html
2020-3-12 22:22:49 HTTP: GET /api/applications/secret
2020-3-12 22:23:16 HTTP: GET /public/html/apply-status.html
2020-3-12 22:23:16 HTTP: GET /api/applications/secret
2020-3-12 22:26:17 HTTP: GET /public/html/apply-status.html
2020-3-12 22:26:17 HTTP: GET /api/applications/secret
2020-3-12 22:26:25 HTTP: GET /public/html/apply-status.html
2020-3-12 22:26:25 HTTP: GET /api/applications/secret
2020-3-12 22:29:03 HTTP: GET /public/html/apply-status.html
2020-3-12 22:29:03 HTTP: GET /api/applications/secret
2020-3-12 22:29:13 HTTP: GET /public/html/apply-status.html
2020-3-12 22:29:14 HTTP: GET /api/applications/secret
2020-3-12 22:29:23 HTTP: GET /public/html/apply-status.html
2020-3-12 22:29:23 HTTP: GET /api/applications/secret
2020-3-12 22:29:30 HTTP: GET /public/html/apply-status.html
2020-3-12 22:29:30 HTTP: GET /api/applications/secret
2020-3-12 22:29:41 HTTP: GET /public/html/apply-status.html
2020-3-12 22:29:41 HTTP: GET /api/applications/secret
2020-3-12 22:29:50 HTTP: GET /public/html/apply-status.html
2020-3-12 22:29:50 HTTP: GET /api/applications/secret
2020-3-12 22:30:17 HTTP: GET /public/html/apply-status.html
2020-3-12 22:30:17 HTTP: GET /api/applications/secret
2020-3-12 22:31:24 HTTP: GET /public/html/apply-status.html
2020-3-12 22:31:24 HTTP: GET /api/applications/secret
2020-3-12 22:32:20 HTTP: GET /public/html/apply-status.html
2020-3-12 22:32:20 HTTP: GET /api/applications/secret
2020-3-12 22:32:48 HTTP: GET /public/html/apply-status.html
2020-3-12 22:32:48 HTTP: GET /api/applications/secret
2020-3-12 22:33:03 HTTP: GET /public/html/apply-status.html
2020-3-12 22:33:03 HTTP: GET /api/applications/secret
2020-3-12 22:33:26 HTTP: GET /public/html/apply-status.html
2020-3-12 22:33:26 HTTP: GET /api/applications/secret
2020-3-12 22:33:46 HTTP: GET /public/html/apply-status.html
2020-3-12 22:33:46 HTTP: GET /api/applications/secret
2020-3-12 22:35:21 HTTP: GET /recruit/apply
2020-3-12 22:35:21 HTTP: GET /public/css/apply.css
2020-3-12 22:35:21 HTTP: GET /public/js/apply.js
2020-3-12 22:35:23 HTTP: GET /recruit/main
2020-3-12 22:35:23 HTTP: GET /public/img/logo.png
2020-3-12 22:35:28 HTTP: GET /recruit/apply
2020-3-12 22:35:28 HTTP: GET /public/css/apply.css
2020-3-12 22:35:28 HTTP: GET /public/js/apply.js
2020-3-12 22:35:31 HTTP: GET /recruit/apply
2020-3-12 22:35:31 HTTP: GET /public/css/apply.css
2020-3-12 22:35:31 HTTP: GET /public/js/apply.js
2020-3-12 22:35:33 HTTP: GET /recruit/apply
2020-3-12 22:35:33 HTTP: GET /public/css/apply.css
2020-3-12 22:35:33 HTTP: GET /public/js/apply.js
2020-3-12 22:36:33 HTTP: GET /recruit/apply
2020-3-12 22:36:33 HTTP: GET /public/css/apply.css
2020-3-12 22:36:33 HTTP: GET /public/js/apply.js
2020-3-12 22:36:34 HTTP: GET /recruit/apply
2020-3-12 22:36:34 HTTP: GET /public/css/apply.css
2020-3-12 22:36:34 HTTP: GET /public/js/apply.js
2020-3-12 22:36:41 HTTP: GET /recruit/apply
2020-3-12 22:36:41 HTTP: GET /public/css/apply.css
2020-3-12 22:36:41 HTTP: GET /public/js/apply.js
2020-3-12 22:36:48 HTTP: GET /public/html/apply-status.html
2020-3-12 22:36:49 HTTP: GET /api/applications/secret
2020-3-12 22:37:54 HTTP: GET /public/html/apply-status.html
2020-3-12 22:37:54 HTTP: GET /api/applications/secret
2020-3-12 22:38:31 HTTP: GET /public/html/apply-status.html
2020-3-12 22:38:31 HTTP: GET /api/applications/secret
2020-3-12 22:38:35 HTTP: GET /public/html/apply-status.html
2020-3-12 22:38:35 HTTP: GET /api/applications/secret
2020-3-12 22:38:49 HTTP: GET /public/html/apply-status.html
2020-3-12 22:38:49 HTTP: GET /api/applications/secret
2020-3-12 22:38:59 HTTP: GET /public/html/apply-status.html
2020-3-12 22:38:59 HTTP: GET /api/applications/secret
2020-3-12 22:39:10 HTTP: GET /public/html/apply-status.html
2020-3-12 22:39:10 HTTP: GET /api/applications/secret
2020-3-12 22:40:29 HTTP: GET /public/html/apply-status.html
2020-3-12 22:40:29 HTTP: GET /api/applications/secret
2020-3-12 22:40:42 HTTP: GET /public/html/apply-status.html
2020-3-12 22:40:42 HTTP: GET /api/applications/secret
2020-3-12 22:40:45 HTTP: GET /public/html/apply-status.html
2020-3-12 22:40:45 HTTP: GET /api/applications/secret
2020-3-12 22:40:54 HTTP: GET /public/html/apply-status.html
2020-3-12 22:40:54 HTTP: GET /api/applications/secret
2020-3-12 22:42:00 HTTP: GET /public/html/apply-status.html
2020-3-12 22:42:00 HTTP: GET /api/applications/secret
2020-3-12 22:42:19 HTTP: GET /public/html/apply-status.html
2020-3-12 22:42:19 HTTP: GET /api/applications/secret
2020-3-12 22:42:25 HTTP: GET /public/html/apply-status.html
2020-3-12 22:42:25 HTTP: GET /api/applications/secret
2020-3-12 22:42:28 HTTP: GET /public/html/apply-status.html
2020-3-12 22:42:28 HTTP: GET /api/applications/secret
2020-3-12 22:42:43 HTTP: GET /public/html/apply-status.html
2020-3-12 22:42:43 HTTP: GET /api/applications/secret
2020-3-12 22:42:45 HTTP: GET /public/html/apply-status.html
2020-3-12 22:42:45 HTTP: GET /api/applications/secret
2020-3-12 22:43:05 HTTP: GET /public/html/apply-status.html
2020-3-12 22:43:05 HTTP: GET /api/applications/secret
2020-3-12 22:43:11 HTTP: GET /public/html/apply-status.html
2020-3-12 22:43:11 HTTP: GET /api/applications/secret
2020-3-12 22:43:16 HTTP: GET /public/html/apply-status.html
2020-3-12 22:43:16 HTTP: GET /api/applications/secret
2020-3-12 22:43:27 HTTP: GET /public/html/apply-status.html
2020-3-12 22:43:27 HTTP: GET /api/applications/secret
2020-3-12 22:47:10 HTTP: GET /public/html/apply-status.html
2020-3-12 22:47:10 HTTP: GET /api/applications/secret
2020-3-12 22:47:12 HTTP: GET /public/html/apply-status.html
2020-3-12 22:47:12 HTTP: GET /api/applications/secret
2020-3-12 22:47:14 HTTP: GET /public/html/apply-status.html
2020-3-12 22:47:14 HTTP: GET /api/applications/secret
2020-3-12 22:47:18 HTTP: GET /public/html/apply-status.html
2020-3-12 22:47:18 HTTP: GET /api/applications/secret
2020-3-12 22:47:25 HTTP: GET /public/html/apply-status.html
2020-3-12 22:47:25 HTTP: GET /api/applications/secret
2020-3-12 22:47:34 HTTP: GET /public/html/apply-status.html
2020-3-12 22:47:34 HTTP: GET /api/applications/secret
2020-3-12 22:47:39 HTTP: GET /public/html/apply-status.html
2020-3-12 22:47:39 HTTP: GET /api/applications/secret
2020-3-12 22:47:48 HTTP: GET /public/html/apply-status.html
2020-3-12 22:47:48 HTTP: GET /api/applications/secret
2020-3-12 22:49:14 HTTP: GET /public/html/apply-status.html
2020-3-12 22:49:14 HTTP: GET /api/applications/secret
2020-3-12 22:50:35 HTTP: GET /public/html/apply-status.html
2020-3-12 22:50:35 HTTP: GET /api/applications/secret
2020-3-12 22:51:01 HTTP: GET /public/html/apply-status.html
2020-3-12 22:51:01 HTTP: GET /api/applications/secret
2020-3-12 22:51:25 HTTP: GET /recruit/apply
2020-3-12 22:51:25 HTTP: GET /public/css/apply.css
2020-3-12 22:51:25 HTTP: GET /public/js/apply.js
2020-3-12 23:11:10 HTTP: GET /public/html/apply-status.html
2020-3-12 23:11:10 HTTP: GET /api/applications/secret
2020-3-12 23:11:25 HTTP: GET /public/html/apply-status.html
2020-3-12 23:11:25 HTTP: GET /api/applications/secret
2020-3-12 23:13:08 HTTP: GET /public/html/apply-status.html
2020-3-12 23:13:08 HTTP: GET /api/applications/secret
2020-3-12 23:14:00 HTTP: GET /public/html/apply-status.html
2020-3-12 23:14:00 HTTP: GET /api/applications/secret
2020-3-12 23:15:42 HTTP: GET /public/html/apply-status.html
2020-3-12 23:17:17 HTTP: GET /public/html/apply-status.html
2020-3-12 23:17:40 HTTP: GET /public/html/apply-status.html
2020-3-12 23:17:48 HTTP: GET /public/html/apply-status.html
2020-3-12 23:18:05 HTTP: GET /public/html/apply-status.html
2020-3-12 23:18:10 HTTP: GET /public/html/apply-status.html
2020-3-12 23:18:46 HTTP: GET /public/html/apply-status.html
2020-3-12 23:18:47 HTTP: GET /public/html/apply-status.html
2020-3-12 23:19:00 HTTP: GET /public/html/apply-status.html
2020-3-12 23:19:01 HTTP: GET /public/html/apply-status.html
2020-3-12 23:19:25 HTTP: GET /public/html/apply-status.html
2020-3-12 23:19:25 HTTP: GET /api/applications/secret
2020-3-12 23:19:28 HTTP: GET /public/html/apply-status.html
2020-3-12 23:19:28 HTTP: GET /api/applications/secret
2020-3-12 23:19:29 HTTP: GET /public/html/apply-status.html
2020-3-12 23:19:29 HTTP: GET /api/applications/secret
2020-3-12 23:19:31 HTTP: GET /public/html/apply-status.html
2020-3-12 23:19:31 HTTP: GET /api/applications/secret
2020-3-12 23:20:27 HTTP: GET /public/html/apply-status.html
2020-3-12 23:20:33 HTTP: GET /public/html/apply-status.html
2020-3-12 23:20:33 HTTP: GET /api/applications/secret
2020-3-12 23:20:38 HTTP: GET /public/html/apply-status.html
2020-3-12 23:20:38 HTTP: GET /api/applications/secret
2020-3-12 23:20:41 HTTP: GET /public/html/apply-status.html
2020-3-12 23:20:41 HTTP: GET /api/applications/secret
2020-3-12 23:20:58 HTTP: GET /public/html/apply-status.html
2020-3-12 23:20:58 HTTP: GET /api/applications/secret
2020-3-12 23:21:25 HTTP: GET /public/html/apply-status.html
2020-3-12 23:21:25 HTTP: GET /api/applications/secret
2020-3-12 23:21:37 HTTP: GET /public/html/apply-status.html
2020-3-12 23:21:37 HTTP: GET /api/applications/secret
2020-3-12 23:21:54 HTTP: GET /public/html/apply-status.html
2020-3-12 23:21:54 HTTP: GET /api/applications/secret
2020-3-12 23:22:58 HTTP: GET /public/html/apply-status.html
2020-3-12 23:22:58 HTTP: GET /api/applications/secret
2020-3-12 23:23:06 HTTP: GET /public/html/apply-status.html
2020-3-12 23:23:06 HTTP: GET /api/applications/secret
2020-3-12 23:29:04 HTTP: GET /
2020-3-12 23:29:04 HTTP: GET /recruit/main
2020-3-12 23:29:04 HTTP: GET /public/img/logo.png
2020-3-12 23:29:10 HTTP: GET /recruit/apply
2020-3-12 23:29:10 HTTP: GET /public/css/apply.css
2020-3-12 23:29:10 HTTP: GET /public/js/apply.js
2020-3-12 23:29:13 HTTP: GET /favicon.ico
2020-3-12 23:29:13 HTTP: GET /recruit/main
2020-3-12 23:30:05 HTTP: POST /api/applications/
2020-3-12 23:31:00 HTTP: POST /api/applications/
2020-3-12 23:31:01 HTTP: GET /recruit/main
2020-3-12 23:31:01 HTTP: GET /public/img/logo.png
2020-3-12 23:31:11 HTTP: GET /api/applications
2020-3-12 23:31:11 HTTP: GET /recruit/modify
2020-3-12 23:31:11 HTTP: GET /public/css/apply.css
2020-3-12 23:31:11 HTTP: GET /public/js/modify.js
2020-3-12 23:31:11 HTTP: GET /api/applications
2020-3-12 23:31:11 HTTP: GET /favicon.ico
2020-3-12 23:31:11 HTTP: GET /recruit/main
2020-3-12 23:45:52 HTTP: GET /
2020-3-12 23:45:52 HTTP: GET /public/img/logo.png
2020-3-12 23:45:52 HTTP: GET /recruit/main
2020-3-12 23:49:25 HTTP: GET /api/evaluations/
2020-3-12 23:49:29 HTTP: GET /api/evaluations/
2020-3-12 23:50:04 HTTP: POST /api/evaluations/
2020-3-12 23:50:21 HTTP: POST /api/evaluations/
2020-3-12 23:50:22 HTTP: POST /api/evaluations/
2020-3-12 23:51:18 HTTP: POST /api/evaluations/
2020-3-12 23:51:59 HTTP: GET /api/evaluations/
2020-3-13 00:55:31 HTTP: GET /api/evaluations/
2020-3-13 00:55:32 HTTP: GET /api/evaluations/
2020-3-13 00:55:32 HTTP: GET /api/evaluations/
2020-3-13 00:55:32 HTTP: GET /api/evaluations/
2020-3-13 00:55:33 HTTP: GET /api/evaluations/
2020-3-13 00:55:33 HTTP: GET /api/evaluations/
2020-3-13 00:55:34 HTTP: GET /api/evaluations/
2020-3-13 00:55:35 HTTP: GET /api/evaluations/
2020-3-13 01:02:36 HTTP: GET /
2020-3-13 01:02:36 HTTP: GET /recruit/main
2020-3-13 01:02:36 HTTP: GET /public/img/logo.png
2020-3-13 01:02:36 HTTP: GET /favicon.ico
2020-3-13 01:02:36 HTTP: GET /recruit/main
2020-3-13 01:02:36 HTTP: GET /apple-touch-icon-precomposed.png
2020-3-13 01:02:36 HTTP: GET /recruit/main
2020-3-13 01:02:36 HTTP: GET /apple-touch-icon.png
2020-3-13 01:02:36 HTTP: GET /recruit/main
2020-3-13 01:02:46 HTTP: GET /signup
2020-3-13 01:02:46 HTTP: GET /recruit/main
2020-3-13 01:02:46 HTTP: GET /public/img/logo.png
2020-3-13 01:02:49 HTTP: GET /recruit/apply
2020-3-13 01:02:49 HTTP: GET /public/css/apply.css
2020-3-13 01:02:49 HTTP: GET /public/js/apply.js
2020-3-13 01:03:17 HTTP: GET /public/html/apply-status.html
2020-3-13 01:03:19 HTTP: GET /api/applications/secret
2020-3-13 01:03:19 HTTP: GET /favicon.ico
2020-3-13 01:03:19 HTTP: GET /recruit/main
2020-3-13 01:03:20 HTTP: GET /public/html/apply-status.html
2020-3-13 01:03:20 HTTP: GET /api/applications/secret
2020-3-13 01:04:31 HTTP: GET /public/html/apply-status.html
2020-3-13 01:04:31 HTTP: GET /api/applications/secret
2020-3-13 01:05:52 HTTP: GET /public/html/apply-status.html
2020-3-13 01:05:52 HTTP: GET /api/applications/secret
2020-3-13 01:05:57 HTTP: GET /public/html/apply-status.html
2020-3-13 01:05:57 HTTP: GET /api/applications/secret
2020-3-13 01:09:09 HTTP: GET /public/html/apply-status.html
2020-3-13 01:09:09 HTTP: GET /api/applications/secret
2020-3-13 01:09:46 HTTP: GET /public/html/apply-status.html
2020-3-13 01:09:47 HTTP: GET /api/applications/secret
2020-3-13 01:10:32 HTTP: GET /public/html/apply-status.html
2020-3-13 01:10:32 HTTP: GET /api/applications/secret
2020-3-13 01:10:35 HTTP: GET /public/html/apply-status.html
2020-3-13 01:10:35 HTTP: GET /api/applications/secret
2020-3-13 01:10:46 HTTP: GET /public/html/apply-status.html
2020-3-13 01:10:46 HTTP: GET /api/applications/secret
2020-3-13 01:11:46 HTTP: GET /public/html/apply-status.html
2020-3-13 01:11:46 HTTP: GET /api/applications/secret
2020-3-13 01:12:00 HTTP: GET /public/html/apply-status.html
2020-3-13 01:12:00 HTTP: GET /api/applications/secret
2020-3-13 01:12:02 HTTP: GET /public/html/apply-status.html
2020-3-13 01:12:02 HTTP: GET /api/applications/secret
2020-3-13 01:12:04 HTTP: GET /public/html/apply-status.html
2020-3-13 01:12:04 HTTP: GET /api/applications/secret
2020-3-13 01:12:24 HTTP: GET /public/html/apply-status.html
2020-3-13 01:12:24 HTTP: GET /api/applications/secret
2020-3-13 01:12:31 HTTP: GET /public/html/apply-status.html
2020-3-13 01:12:31 HTTP: GET /api/applications/secret
2020-3-13 01:16:26 HTTP: GET /api/applications/secret
2020-3-13 01:17:35 HTTP: GET /public/html/apply-status.html
2020-3-13 01:17:35 HTTP: GET /api/applications/secret
2020-3-13 01:17:47 HTTP: GET /public/html/apply-status.html
2020-3-13 01:17:47 HTTP: GET /api/applications/secret
2020-3-13 01:23:49 HTTP: GET /api/evaluations/
2020-3-13 01:23:57 HTTP: GET /api/evaluations/
2020-3-13 01:24:05 HTTP: GET /api/evaluations/
2020-3-13 01:26:20 HTTP: GET /public/html/apply-status.html
2020-3-13 01:26:20 HTTP: GET /api/applications/secret
2020-3-13 01:26:56 HTTP: GET /public/html/apply-status.html
2020-3-13 01:26:56 HTTP: GET /api/applications/secret
2020-3-13 01:27:08 HTTP: GET /public/html/apply-status.html
2020-3-13 01:27:09 HTTP: GET /api/applications/secret
2020-3-13 01:27:25 HTTP: GET /public/html/apply-status.html
2020-3-13 01:27:25 HTTP: GET /api/applications/secret
2020-3-13 01:27:48 HTTP: GET /public/html/apply-status.html
2020-3-13 01:27:48 HTTP: GET /api/applications/secret
2020-3-13 01:28:03 HTTP: GET /public/html/apply-status.html
2020-3-13 01:28:03 HTTP: GET /api/applications/secret
2020-3-13 01:29:11 HTTP: GET /public/html/apply-status.html
2020-3-13 01:29:11 HTTP: GET /api/applications/secret
2020-3-13 01:29:41 HTTP: GET /public/html/apply-status.html
2020-3-13 01:29:41 HTTP: GET /api/applications/secret
2020-3-13 01:29:46 HTTP: GET /api/evaluations
2020-3-13 01:30:21 HTTP: GET /public/html/apply-status.html
2020-3-13 01:30:21 HTTP: GET /api/applications/secret
2020-3-13 01:30:59 HTTP: GET /api/evaluations
2020-3-13 01:32:43 HTTP: GET /api/evaluations/
2020-3-13 01:32:46 HTTP: GET /api/evaluations/
2020-3-13 01:34:04 HTTP: GET /public/html/apply-status.html
2020-3-13 01:34:04 HTTP: GET /api/applications/secret
2020-3-13 01:34:10 HTTP: GET /api/evaluations
2020-3-13 01:34:43 HTTP: GET /public/html/apply-status.html
2020-3-13 01:34:43 HTTP: GET /api/applications/secret
2020-3-13 01:34:47 HTTP: GET /api/evaluations
2020-3-13 01:34:51 HTTP: GET /api/evaluations
2020-3-13 01:34:52 HTTP: GET /api/evaluations
2020-3-13 01:36:44 HTTP: GET /public/html/apply-status.html
2020-3-13 01:36:44 HTTP: GET /api/applications/secret
2020-3-13 01:36:49 HTTP: GET /api/evaluations
2020-3-13 01:37:01 HTTP: GET /public/html/apply-status.html
2020-3-13 01:37:01 HTTP: GET /api/applications/secret
2020-3-13 01:37:04 HTTP: GET /api/evaluations
2020-3-13 01:38:43 HTTP: GET /public/html/apply-status.html
2020-3-13 01:38:43 HTTP: GET /api/applications/secret
2020-3-13 01:38:46 HTTP: GET /api/evaluations
2020-3-13 01:38:53 HTTP: GET /api/evaluations
2020-3-13 01:39:18 HTTP: GET /public/html/apply-status.html
2020-3-13 01:39:18 HTTP: GET /api/applications/secret
2020-3-13 01:39:29 HTTP: GET /public/html/apply-status.html
2020-3-13 01:39:29 HTTP: GET /api/applications/secret
2020-3-13 01:40:15 HTTP: GET /public/html/apply-status.html
2020-3-13 01:40:15 HTTP: GET /api/applications/secret
2020-3-13 01:43:41 HTTP: GET /public/html/apply-status.html
2020-3-13 01:43:41 HTTP: GET /api/applications/secret
2020-3-13 01:43:48 HTTP: GET /api/evaluations
2020-3-13 01:44:27 HTTP: GET /public/html/apply-status.html
2020-3-13 01:44:27 HTTP: GET /api/applications/secret
2020-3-13 01:44:38 HTTP: GET /api/evaluations
2020-3-13 01:46:33 HTTP: GET /public/html/apply-status.html
2020-3-13 01:46:33 HTTP: GET /api/applications/secret
2020-3-13 01:46:40 HTTP: GET /api/evaluations
2020-3-13 01:47:19 HTTP: GET /public/html/apply-status.html
2020-3-13 01:47:19 HTTP: GET /api/applications/secret
2020-3-13 01:48:18 HTTP: GET /api/evaluations
2020-3-13 01:50:44 HTTP: GET /public/html/apply-status.html
2020-3-13 01:50:44 HTTP: GET /api/applications/secret
2020-3-13 01:50:49 HTTP: GET /api/evaluations
2020-3-13 01:51:22 HTTP: GET /public/html/apply-status.html
2020-3-13 01:51:22 HTTP: GET /api/applications/secret
2020-3-13 01:51:29 HTTP: GET /api/evaluations
2020-3-13 01:55:13 HTTP: GET /public/html/apply-status.html
2020-3-13 01:55:13 HTTP: GET /api/applications/secret
2020-3-13 01:55:21 HTTP: GET /api/evaluations
2020-3-13 01:56:09 HTTP: GET /public/html/apply-status.html
2020-3-13 01:56:09 HTTP: GET /api/applications/secret
2020-3-13 01:56:12 HTTP: GET /api/evaluations
2020-3-13 02:01:04 HTTP: GET /public/html/apply-status.html
2020-3-13 02:01:04 HTTP: GET /api/applications/secret
2020-3-13 02:01:13 HTTP: GET /api/evaluations
2020-3-13 02:01:44 HTTP: GET /public/html/apply-status.html
2020-3-13 02:01:45 HTTP: GET /api/applications/secret
2020-3-13 02:02:34 HTTP: GET /
2020-3-13 02:02:34 HTTP: GET /recruit/main
2020-3-13 02:02:34 HTTP: GET /public/img/logo.png
2020-3-13 02:02:42 HTTP: GET /recruit/apply
2020-3-13 02:02:42 HTTP: GET /public/js/apply.js
2020-3-13 02:02:42 HTTP: GET /public/css/apply.css
2020-3-13 02:03:15 HTTP: POST /api/applications/
2020-3-13 02:03:16 HTTP: GET /recruit/main
2020-3-13 02:03:16 HTTP: GET /public/img/logo.png
2020-3-13 02:03:20 HTTP: GET /public/html/apply-status.html
2020-3-13 02:03:20 HTTP: GET /api/applications/secret
2020-3-13 02:03:44 HTTP: GET /api/evaluations
2020-3-13 02:04:16 HTTP: GET /api/evaluations
2020-3-13 02:04:21 HTTP: GET /api/evaluations
2020-3-13 02:06:12 HTTP: GET /public/html/apply-status.html
2020-3-13 02:06:12 HTTP: GET /api/applications/secret
2020-3-13 02:06:13 HTTP: GET /api/evaluations
2020-3-13 02:06:30 HTTP: GET /api/evaluations
2020-3-13 02:06:41 HTTP: GET /public/html/apply-status.html
2020-3-13 02:06:41 HTTP: GET /api/applications/secret
2020-3-13 02:06:41 HTTP: GET /favicon.ico
2020-3-13 02:06:41 HTTP: GET /recruit/main
2020-3-13 02:06:50 HTTP: GET /api/evaluations
2020-3-13 02:07:47 HTTP: GET /public/html/apply-status.html
2020-3-13 02:07:47 HTTP: GET /api/applications/secret
2020-3-13 02:07:49 HTTP: GET /api/evaluations
2020-3-13 02:07:53 HTTP: GET /public/html/apply-status.html
2020-3-13 02:07:53 HTTP: GET /api/applications/secret
2020-3-13 02:07:54 HTTP: GET /api/evaluations
2020-3-13 02:08:00 HTTP: GET /public/html/apply-status.html
2020-3-13 02:08:00 HTTP: GET /api/applications/secret
2020-3-13 02:08:01 HTTP: GET /api/evaluations
2020-3-13 02:08:18 HTTP: GET /public/html/apply-status.html
2020-3-13 02:08:18 HTTP: GET /api/applications/secret
2020-3-13 02:08:19 HTTP: GET /api/evaluations
2020-3-13 02:08:24 HTTP: GET /public/html/apply-status.html
2020-3-13 02:08:24 HTTP: GET /api/applications/secret
2020-3-13 02:08:25 HTTP: GET /api/evaluations
2020-3-13 02:09:24 HTTP: GET /public/html/apply-status.html
2020-3-13 02:09:24 HTTP: GET /api/applications/secret
2020-3-13 02:09:25 HTTP: GET /api/evaluations
2020-3-13 02:09:33 HTTP: GET /api/evaluations
2020-3-13 02:10:27 HTTP: GET /public/html/apply-status.html
2020-3-13 02:10:27 HTTP: GET /api/applications/secret
2020-3-13 02:10:29 HTTP: GET /api/evaluations
2020-3-13 02:10:34 HTTP: GET /api/applications/secret
2020-3-13 02:10:35 HTTP: GET /public/html/apply-status.html
2020-3-13 02:10:35 HTTP: GET /api/applications/secret
2020-3-13 02:10:36 HTTP: GET /api/evaluations
2020-3-13 02:11:14 HTTP: GET /public/html/apply-status.html
2020-3-13 02:11:14 HTTP: GET /api/applications/secret
2020-3-13 02:11:15 HTTP: GET /api/evaluations
2020-3-13 02:12:13 HTTP: GET /public/html/apply-status.html
2020-3-13 02:12:14 HTTP: GET /api/applications/secret
2020-3-13 02:12:14 HTTP: GET /api/evaluations
2020-3-13 02:12:49 HTTP: GET /public/html/apply-status.html
2020-3-13 02:12:49 HTTP: GET /api/applications/secret
2020-3-13 02:12:50 HTTP: GET /api/evaluations
2020-3-13 02:12:56 HTTP: GET /api/evaluations
2020-3-13 02:13:44 HTTP: GET /public/html/apply-status.html
2020-3-13 02:13:44 HTTP: GET /api/applications/secret
2020-3-13 02:13:44 HTTP: GET /api/evaluations
2020-3-13 02:13:54 HTTP: POST /api/evaluations
2020-3-13 02:15:04 HTTP: GET /recruit/apply
2020-3-13 02:15:04 HTTP: GET /public/css/apply.css
2020-3-13 02:15:04 HTTP: GET /public/js/apply.js
2020-3-13 02:15:05 HTTP: GET /public/html/apply-status.html
2020-3-13 02:15:05 HTTP: GET /api/applications/secret
2020-3-13 02:15:06 HTTP: GET /api/evaluations
2020-3-13 02:15:10 HTTP: POST /api/evaluations
2020-3-13 02:15:48 HTTP: GET /public/html/apply-status.html
2020-3-13 02:15:48 HTTP: GET /api/applications/secret
2020-3-13 02:15:48 HTTP: GET /api/evaluations
2020-3-13 02:15:52 HTTP: POST /api/evaluations
2020-3-13 02:15:58 HTTP: POST /api/evaluations
2020-3-13 02:16:55 HTTP: GET /public/html/apply-status.html
2020-3-13 02:16:55 HTTP: GET /api/applications/secret
2020-3-13 02:16:56 HTTP: GET /api/evaluations
2020-3-13 02:17:04 HTTP: POST /api/evaluations
2020-3-13 02:18:31 HTTP: GET /public/html/apply-status.html
2020-3-13 02:18:31 HTTP: GET /api/applications/secret
2020-3-13 02:18:32 HTTP: GET /api/evaluations
2020-3-13 02:18:38 HTTP: POST /api/evaluations
2020-3-13 02:21:26 HTTP: GET /public/html/apply-status.html
2020-3-13 02:21:26 HTTP: GET /api/applications/secret
2020-3-13 02:21:27 HTTP: GET /api/evaluations
2020-3-13 02:21:35 HTTP: GET /public/html/apply-status.html
2020-3-13 02:21:35 HTTP: GET /api/applications/secret
2020-3-13 02:21:36 HTTP: GET /api/evaluations
2020-3-13 02:21:54 HTTP: GET /public/html/apply-status.html
2020-3-13 02:21:54 HTTP: GET /api/applications/secret
2020-3-13 02:21:55 HTTP: GET /api/evaluations
2020-3-13 02:21:57 HTTP: GET /public/html/apply-status.html
2020-3-13 02:21:57 HTTP: GET /api/applications/secret
2020-3-13 02:21:58 HTTP: GET /api/evaluations
2020-3-13 02:22:54 HTTP: GET /public/html/apply-status.html
2020-3-13 02:22:54 HTTP: GET /api/applications/secret
2020-3-13 02:22:55 HTTP: GET /api/evaluations
2020-3-13 02:23:29 HTTP: POST /api/evaluations
2020-3-13 02:25:09 HTTP: GET /public/html/apply-status.html
2020-3-13 02:25:09 HTTP: GET /api/applications/secret
2020-3-13 02:25:11 HTTP: GET /api/evaluations
2020-3-13 02:25:14 HTTP: POST /api/evaluations
2020-3-13 02:25:41 HTTP: GET /public/html/apply-status.html
2020-3-13 02:25:41 HTTP: GET /api/applications/secret
2020-3-13 02:25:43 HTTP: GET /api/evaluations
2020-3-13 02:25:47 HTTP: POST /api/evaluations
2020-3-13 02:28:11 HTTP: GET /public/html/apply-status.html
2020-3-13 02:28:11 HTTP: GET /api/applications/secret
2020-3-13 02:28:12 HTTP: GET /api/evaluations
2020-3-13 02:28:17 HTTP: POST /api/evaluations
2020-3-13 02:28:43 HTTP: GET /public/html/apply-status.html
2020-3-13 02:28:43 HTTP: GET /api/applications/secret
2020-3-13 02:28:44 HTTP: GET /api/evaluations
2020-3-13 02:28:48 HTTP: POST /api/evaluations
2020-3-13 02:28:52 HTTP: POST /api/evaluations
2020-3-13 02:29:15 HTTP: GET /public/html/apply-status.html
2020-3-13 02:29:15 HTTP: GET /api/applications/secret
2020-3-13 02:29:16 HTTP: GET /api/evaluations
2020-3-13 02:29:22 HTTP: POST /api/evaluations
2020-3-13 02:30:48 HTTP: GET /recruit/apply
2020-3-13 02:30:48 HTTP: GET /public/css/apply.css
2020-3-13 02:30:48 HTTP: GET /public/js/apply.js
2020-3-13 02:30:50 HTTP: GET /public/html/apply-status.html
2020-3-13 02:30:50 HTTP: GET /api/applications/secret
2020-3-13 02:30:52 HTTP: GET /api/evaluations
2020-3-13 02:30:57 HTTP: POST /api/evaluations
2020-3-13 02:31:07 HTTP: GET /api/evaluations
2020-3-13 02:31:24 HTTP: GET /api/evaluations
2020-3-13 02:32:38 HTTP: GET /public/html/apply-status.html
2020-3-13 02:32:38 HTTP: GET /api/applications/secret
2020-3-13 02:32:39 HTTP: GET /api/evaluations
2020-3-13 02:32:44 HTTP: POST /api/evaluations
2020-3-13 02:32:48 HTTP: GET /api/evaluations
2020-3-13 02:32:58 HTTP: GET /api/evaluations
2020-3-13 02:33:06 HTTP: POST /api/evaluations
2020-3-13 02:33:10 HTTP: GET /api/evaluations
2020-3-13 02:33:45 HTTP: GET /public/html/apply-status.html
2020-3-13 02:33:45 HTTP: GET /api/applications/secret
2020-3-13 02:33:46 HTTP: GET /api/evaluations
2020-3-13 02:33:49 HTTP: POST /api/evaluations
2020-3-13 02:33:52 HTTP: GET /public/html/apply-status.html
2020-3-13 02:33:52 HTTP: GET /api/applications/secret
2020-3-13 02:33:53 HTTP: GET /api/evaluations
2020-3-13 02:34:51 HTTP: GET /public/html/apply-status.html
2020-3-13 02:34:51 HTTP: GET /api/applications/secret
2020-3-13 02:34:53 HTTP: GET /api/evaluations
2020-3-13 02:35:01 HTTP: POST /api/evaluations
2020-3-13 02:35:07 HTTP: GET /api/evaluations
2020-3-13 02:35:58 HTTP: GET /public/html/apply-status.html
2020-3-13 02:35:58 HTTP: GET /api/applications/secret
2020-3-13 02:36:09 HTTP: GET /api/evaluations
2020-3-13 02:37:00 HTTP: GET /public/html/apply-status.html
2020-3-13 02:37:01 HTTP: GET /api/applications/secret
2020-3-13 02:37:04 HTTP: GET /api/evaluations
2020-3-13 02:37:17 HTTP: POST /api/evaluations
2020-3-13 02:37:47 HTTP: GET /public/html/apply-status.html
2020-3-13 02:37:47 HTTP: GET /api/applications/secret
2020-3-13 02:38:41 HTTP: GET /public/html/apply-status.html
2020-3-13 02:38:41 HTTP: GET /api/applications/secret
2020-3-13 02:38:43 HTTP: GET /api/evaluations
2020-3-13 02:39:14 HTTP: GET /api/evaluations
2020-3-13 02:39:18 HTTP: GET /api/evaluations
2020-3-13 02:39:28 HTTP: POST /api/evaluations
2020-3-13 02:39:32 HTTP: GET /public/html/apply-status.html
2020-3-13 02:39:32 HTTP: GET /api/applications/secret
2020-3-13 02:39:51 HTTP: GET /public/html/apply-status.html
2020-3-13 02:39:51 HTTP: GET /api/applications/secret
2020-3-13 02:40:21 HTTP: GET /public/html/apply-status.html
2020-3-13 02:40:21 HTTP: GET /api/applications/secret
2020-3-13 02:40:29 HTTP: GET /public/html/apply-status.html
2020-3-13 02:40:29 HTTP: GET /api/applications/secret
2020-3-13 02:40:30 HTTP: GET /api/evaluations
2020-3-13 02:40:42 HTTP: POST /api/evaluations
2020-3-13 02:40:51 HTTP: POST /api/evaluations
2020-3-13 02:40:56 HTTP: POST /api/evaluations
2020-3-13 02:41:04 HTTP: POST /api/evaluations
2020-3-13 02:41:24 HTTP: GET /api/evaluations
2020-3-13 02:41:30 HTTP: POST /api/evaluations
2020-3-13 02:41:39 HTTP: POST /api/evaluations
2020-3-13 02:41:43 HTTP: POST /api/evaluations
2020-3-13 02:42:01 HTTP: POST /api/evaluations
2020-3-13 02:53:20 HTTP: GET /admin
2020-3-13 02:53:30 HTTP: GET /admin
2020-3-13 02:53:30 HTTP: GET /recruit/main
2020-3-13 02:53:30 HTTP: GET /public/img/logo.png
2020-3-13 02:53:34 HTTP: GET /admin
2020-3-13 02:53:34 HTTP: GET /recruit/main
2020-3-13 02:53:34 HTTP: GET /public/img/logo.png
2020-3-13 02:53:44 HTTP: GET /admin
2020-3-13 02:53:44 HTTP: GET /api/applications/secret
2020-3-13 02:53:58 HTTP: GET /api/evaluations
2020-3-13 02:54:01 HTTP: POST /api/evaluations
